\BOOKMARK [0][-]{chapter.1}{\376\377\000D\000a\000t\000a\000\040\000S\000t\000r\000u\000c\000t\000u\000r\000e\000\040\000I\000n\000d\000e\000x}{}% 1
\BOOKMARK [1][-]{section.1.1}{\376\377\000D\000a\000t\000a\000\040\000S\000t\000r\000u\000c\000t\000u\000r\000e\000s}{chapter.1}% 2
\BOOKMARK [0][-]{chapter.2}{\376\377\000F\000i\000l\000e\000\040\000I\000n\000d\000e\000x}{}% 3
\BOOKMARK [1][-]{section.2.1}{\376\377\000F\000i\000l\000e\000\040\000L\000i\000s\000t}{chapter.2}% 4
\BOOKMARK [0][-]{chapter.3}{\376\377\000D\000a\000t\000a\000\040\000S\000t\000r\000u\000c\000t\000u\000r\000e\000\040\000D\000o\000c\000u\000m\000e\000n\000t\000a\000t\000i\000o\000n}{}% 5
\BOOKMARK [1][-]{section.3.1}{\376\377\000c\000o\000u\000r\000s\000e\000\040\000S\000t\000r\000u\000c\000t\000\040\000R\000e\000f\000e\000r\000e\000n\000c\000e}{chapter.3}% 6
\BOOKMARK [2][-]{subsection.3.1.1}{\376\377\000D\000e\000t\000a\000i\000l\000e\000d\000\040\000D\000e\000s\000c\000r\000i\000p\000t\000i\000o\000n}{section.3.1}% 7
\BOOKMARK [2][-]{subsection.3.1.2}{\376\377\000F\000i\000e\000l\000d\000\040\000D\000o\000c\000u\000m\000e\000n\000t\000a\000t\000i\000o\000n}{section.3.1}% 8
\BOOKMARK [3][-]{subsubsection.3.1.2.1}{\376\377\000c\000o\000u\000r\000s\000e\000\137\000i\000d}{subsection.3.1.2}% 9
\BOOKMARK [1][-]{section.3.2}{\376\377\000c\000o\000u\000r\000s\000e\000\137\000l\000i\000s\000t\000\040\000S\000t\000r\000u\000c\000t\000\040\000R\000e\000f\000e\000r\000e\000n\000c\000e}{chapter.3}% 10
\BOOKMARK [2][-]{subsection.3.2.1}{\376\377\000D\000e\000t\000a\000i\000l\000e\000d\000\040\000D\000e\000s\000c\000r\000i\000p\000t\000i\000o\000n}{section.3.2}% 11
\BOOKMARK [2][-]{subsection.3.2.2}{\376\377\000F\000i\000e\000l\000d\000\040\000D\000o\000c\000u\000m\000e\000n\000t\000a\000t\000i\000o\000n}{section.3.2}% 12
\BOOKMARK [3][-]{subsubsection.3.2.2.1}{\376\377\000e\000n\000t\000r\000a\000n\000t\000s}{subsection.3.2.2}% 13
\BOOKMARK [3][-]{subsubsection.3.2.2.2}{\376\377\000n\000o\000d\000e\000\137\000l\000i\000s\000t}{subsection.3.2.2}% 14
\BOOKMARK [3][-]{subsubsection.3.2.2.3}{\376\377\000t\000r\000a\000c\000k\000\137\000l\000i\000s\000t}{subsection.3.2.2}% 15
\BOOKMARK [1][-]{section.3.3}{\376\377\000c\000p\000\137\000t\000i\000m\000e\000\040\000S\000t\000r\000u\000c\000t\000\040\000R\000e\000f\000e\000r\000e\000n\000c\000e}{chapter.3}% 16
\BOOKMARK [2][-]{subsection.3.3.1}{\376\377\000D\000e\000t\000a\000i\000l\000e\000d\000\040\000D\000e\000s\000c\000r\000i\000p\000t\000i\000o\000n}{section.3.3}% 17
\BOOKMARK [1][-]{section.3.4}{\376\377\000c\000p\000\137\000t\000i\000m\000e\000\137\000l\000i\000s\000t\000\040\000S\000t\000r\000u\000c\000t\000\040\000R\000e\000f\000e\000r\000e\000n\000c\000e}{chapter.3}% 18
\BOOKMARK [2][-]{subsection.3.4.1}{\376\377\000D\000e\000t\000a\000i\000l\000e\000d\000\040\000D\000e\000s\000c\000r\000i\000p\000t\000i\000o\000n}{section.3.4}% 19
\BOOKMARK [1][-]{section.3.5}{\376\377\000e\000n\000t\000r\000a\000n\000t\000\040\000S\000t\000r\000u\000c\000t\000\040\000R\000e\000f\000e\000r\000e\000n\000c\000e}{chapter.3}% 20
\BOOKMARK [2][-]{subsection.3.5.1}{\376\377\000D\000e\000t\000a\000i\000l\000e\000d\000\040\000D\000e\000s\000c\000r\000i\000p\000t\000i\000o\000n}{section.3.5}% 21
\BOOKMARK [2][-]{subsection.3.5.2}{\376\377\000F\000i\000e\000l\000d\000\040\000D\000o\000c\000u\000m\000e\000n\000t\000a\000t\000i\000o\000n}{section.3.5}% 22
\BOOKMARK [3][-]{subsubsection.3.5.2.1}{\376\377\000s\000t\000a\000t\000u\000s}{subsection.3.5.2}% 23
\BOOKMARK [1][-]{section.3.6}{\376\377\000e\000n\000t\000r\000a\000n\000t\000\137\000l\000i\000s\000t\000\040\000S\000t\000r\000u\000c\000t\000\040\000R\000e\000f\000e\000r\000e\000n\000c\000e}{chapter.3}% 24
\BOOKMARK [2][-]{subsection.3.6.1}{\376\377\000D\000e\000t\000a\000i\000l\000e\000d\000\040\000D\000e\000s\000c\000r\000i\000p\000t\000i\000o\000n}{section.3.6}% 25
\BOOKMARK [1][-]{section.3.7}{\376\377\000e\000v\000e\000n\000t\000\040\000S\000t\000r\000u\000c\000t\000\040\000R\000e\000f\000e\000r\000e\000n\000c\000e}{chapter.3}% 26
\BOOKMARK [2][-]{subsection.3.7.1}{\376\377\000D\000e\000t\000a\000i\000l\000e\000d\000\040\000D\000e\000s\000c\000r\000i\000p\000t\000i\000o\000n}{section.3.7}% 27
\BOOKMARK [2][-]{subsection.3.7.2}{\376\377\000F\000i\000e\000l\000d\000\040\000D\000o\000c\000u\000m\000e\000n\000t\000a\000t\000i\000o\000n}{section.3.7}% 28
\BOOKMARK [3][-]{subsubsection.3.7.2.1}{\376\377\000d\000a\000t\000e}{subsection.3.7.2}% 29
\BOOKMARK [3][-]{subsubsection.3.7.2.2}{\376\377\000e\000n\000t\000r\000a\000n\000t\000s}{subsection.3.7.2}% 30
\BOOKMARK [3][-]{subsubsection.3.7.2.3}{\376\377\000n\000a\000m\000e}{subsection.3.7.2}% 31
\BOOKMARK [1][-]{section.3.8}{\376\377\000n\000o\000d\000e\000\040\000S\000t\000r\000u\000c\000t\000\040\000R\000e\000f\000e\000r\000e\000n\000c\000e}{chapter.3}% 32
\BOOKMARK [2][-]{subsection.3.8.1}{\376\377\000D\000e\000t\000a\000i\000l\000e\000d\000\040\000D\000e\000s\000c\000r\000i\000p\000t\000i\000o\000n}{section.3.8}% 33
\BOOKMARK [2][-]{subsection.3.8.2}{\376\377\000F\000i\000e\000l\000d\000\040\000D\000o\000c\000u\000m\000e\000n\000t\000a\000t\000i\000o\000n}{section.3.8}% 34
\BOOKMARK [3][-]{subsubsection.3.8.2.1}{\376\377\000n\000o\000d\000e\000\137\000i\000d}{subsection.3.8.2}% 35
\BOOKMARK [1][-]{section.3.9}{\376\377\000n\000o\000d\000e\000\137\000l\000i\000s\000t\000\040\000S\000t\000r\000u\000c\000t\000\040\000R\000e\000f\000e\000r\000e\000n\000c\000e}{chapter.3}% 36
\BOOKMARK [2][-]{subsection.3.9.1}{\376\377\000D\000e\000t\000a\000i\000l\000e\000d\000\040\000D\000e\000s\000c\000r\000i\000p\000t\000i\000o\000n}{section.3.9}% 37
\BOOKMARK [1][-]{section.3.10}{\376\377\000t\000i\000m\000e\000\137\000s\000t\000r\000u\000c\000t\000\040\000S\000t\000r\000u\000c\000t\000\040\000R\000e\000f\000e\000r\000e\000n\000c\000e}{chapter.3}% 38
\BOOKMARK [2][-]{subsection.3.10.1}{\376\377\000D\000e\000t\000a\000i\000l\000e\000d\000\040\000D\000e\000s\000c\000r\000i\000p\000t\000i\000o\000n}{section.3.10}% 39
\BOOKMARK [1][-]{section.3.11}{\376\377\000t\000r\000a\000c\000k\000\040\000S\000t\000r\000u\000c\000t\000\040\000R\000e\000f\000e\000r\000e\000n\000c\000e}{chapter.3}% 40
\BOOKMARK [2][-]{subsection.3.11.1}{\376\377\000D\000e\000t\000a\000i\000l\000e\000d\000\040\000D\000e\000s\000c\000r\000i\000p\000t\000i\000o\000n}{section.3.11}% 41
\BOOKMARK [1][-]{section.3.12}{\376\377\000t\000r\000a\000c\000k\000\137\000l\000i\000s\000t\000\040\000S\000t\000r\000u\000c\000t\000\040\000R\000e\000f\000e\000r\000e\000n\000c\000e}{chapter.3}% 42
\BOOKMARK [2][-]{subsection.3.12.1}{\376\377\000D\000e\000t\000a\000i\000l\000e\000d\000\040\000D\000e\000s\000c\000r\000i\000p\000t\000i\000o\000n}{section.3.12}% 43
\BOOKMARK [0][-]{chapter.4}{\376\377\000F\000i\000l\000e\000\040\000D\000o\000c\000u\000m\000e\000n\000t\000a\000t\000i\000o\000n}{}% 44
\BOOKMARK [1][-]{section.4.1}{\376\377\000c\000o\000u\000r\000s\000e\000.\000c\000\040\000F\000i\000l\000e\000\040\000R\000e\000f\000e\000r\000e\000n\000c\000e}{chapter.4}% 45
\BOOKMARK [2][-]{subsection.4.1.1}{\376\377\000D\000e\000t\000a\000i\000l\000e\000d\000\040\000D\000e\000s\000c\000r\000i\000p\000t\000i\000o\000n}{section.4.1}% 46
\BOOKMARK [2][-]{subsection.4.1.2}{\376\377\000F\000u\000n\000c\000t\000i\000o\000n\000\040\000D\000o\000c\000u\000m\000e\000n\000t\000a\000t\000i\000o\000n}{section.4.1}% 47
\BOOKMARK [3][-]{subsubsection.4.1.2.1}{\376\377\000r\000e\000a\000d\000\137\000c\000o\000u\000r\000s\000e\000s}{subsection.4.1.2}% 48
\BOOKMARK [3][-]{subsubsection.4.1.2.2}{\376\377\000s\000e\000a\000r\000c\000h\000\137\000c\000o\000u\000r\000s\000e\000\137\000i\000d}{subsection.4.1.2}% 49
\BOOKMARK [3][-]{subsubsection.4.1.2.3}{\376\377\000v\000a\000l\000i\000d\000a\000t\000e\000\137\000c\000o\000u\000r\000s\000e}{subsection.4.1.2}% 50
\BOOKMARK [1][-]{section.4.2}{\376\377\000c\000o\000u\000r\000s\000e\000.\000h\000\040\000F\000i\000l\000e\000\040\000R\000e\000f\000e\000r\000e\000n\000c\000e}{chapter.4}% 51
\BOOKMARK [2][-]{subsection.4.2.1}{\376\377\000D\000e\000t\000a\000i\000l\000e\000d\000\040\000D\000e\000s\000c\000r\000i\000p\000t\000i\000o\000n}{section.4.2}% 52
\BOOKMARK [2][-]{subsection.4.2.2}{\376\377\000T\000y\000p\000e\000d\000e\000f\000\040\000D\000o\000c\000u\000m\000e\000n\000t\000a\000t\000i\000o\000n}{section.4.2}% 53
\BOOKMARK [3][-]{subsubsection.4.2.2.1}{\376\377\000C\000O\000U\000R\000S\000E}{subsection.4.2.2}% 54
\BOOKMARK [3][-]{subsubsection.4.2.2.2}{\376\377\000C\000O\000U\000R\000S\000E\000\137\000L\000I\000S\000T}{subsection.4.2.2}% 55
\BOOKMARK [2][-]{subsection.4.2.3}{\376\377\000F\000u\000n\000c\000t\000i\000o\000n\000\040\000D\000o\000c\000u\000m\000e\000n\000t\000a\000t\000i\000o\000n}{section.4.2}% 56
\BOOKMARK [3][-]{subsubsection.4.2.3.1}{\376\377\000r\000e\000a\000d\000\137\000c\000o\000u\000r\000s\000e\000s}{subsection.4.2.3}% 57
\BOOKMARK [3][-]{subsubsection.4.2.3.2}{\376\377\000s\000e\000a\000r\000c\000h\000\137\000c\000o\000u\000r\000s\000e\000\137\000i\000d}{subsection.4.2.3}% 58
\BOOKMARK [3][-]{subsubsection.4.2.3.3}{\376\377\000v\000a\000l\000i\000d\000a\000t\000e\000\137\000c\000o\000u\000r\000s\000e}{subsection.4.2.3}% 59
\BOOKMARK [1][-]{section.4.3}{\376\377\000c\000p\000\137\000t\000i\000m\000e\000.\000c\000\040\000F\000i\000l\000e\000\040\000R\000e\000f\000e\000r\000e\000n\000c\000e}{chapter.4}% 60
\BOOKMARK [2][-]{subsection.4.3.1}{\376\377\000D\000e\000t\000a\000i\000l\000e\000d\000\040\000D\000e\000s\000c\000r\000i\000p\000t\000i\000o\000n}{section.4.3}% 61
\BOOKMARK [2][-]{subsection.4.3.2}{\376\377\000F\000u\000n\000c\000t\000i\000o\000n\000\040\000D\000o\000c\000u\000m\000e\000n\000t\000a\000t\000i\000o\000n}{section.4.3}% 62
\BOOKMARK [3][-]{subsubsection.4.3.2.1}{\376\377\000r\000e\000a\000d\000\137\000e\000v\000e\000n\000t\000\137\000d\000a\000t\000a}{subsection.4.3.2}% 63
\BOOKMARK [1][-]{section.4.4}{\376\377\000c\000p\000\137\000t\000i\000m\000e\000.\000h\000\040\000F\000i\000l\000e\000\040\000R\000e\000f\000e\000r\000e\000n\000c\000e}{chapter.4}% 64
\BOOKMARK [2][-]{subsection.4.4.1}{\376\377\000D\000e\000t\000a\000i\000l\000e\000d\000\040\000D\000e\000s\000c\000r\000i\000p\000t\000i\000o\000n}{section.4.4}% 65
\BOOKMARK [1][-]{section.4.5}{\376\377\000e\000n\000t\000r\000a\000n\000t\000.\000c\000\040\000F\000i\000l\000e\000\040\000R\000e\000f\000e\000r\000e\000n\000c\000e}{chapter.4}% 66
\BOOKMARK [2][-]{subsection.4.5.1}{\376\377\000D\000e\000t\000a\000i\000l\000e\000d\000\040\000D\000e\000s\000c\000r\000i\000p\000t\000i\000o\000n}{section.4.5}% 67
\BOOKMARK [2][-]{subsection.4.5.2}{\376\377\000F\000u\000n\000c\000t\000i\000o\000n\000\040\000D\000o\000c\000u\000m\000e\000n\000t\000a\000t\000i\000o\000n}{section.4.5}% 68
\BOOKMARK [3][-]{subsubsection.4.5.2.1}{\376\377\000e\000n\000t\000r\000a\000n\000t\000\137\000i\000d\000\137\000s\000e\000a\000r\000c\000h}{subsection.4.5.2}% 69
\BOOKMARK [3][-]{subsubsection.4.5.2.2}{\376\377\000e\000n\000t\000r\000a\000n\000t\000\137\000n\000a\000m\000e\000\137\000s\000e\000a\000r\000c\000h}{subsection.4.5.2}% 70
\BOOKMARK [3][-]{subsubsection.4.5.2.3}{\376\377\000r\000e\000a\000d\000\137\000e\000n\000t\000r\000a\000n\000t\000s}{subsection.4.5.2}% 71
\BOOKMARK [3][-]{subsubsection.4.5.2.4}{\376\377\000u\000p\000d\000a\000t\000e\000\137\000s\000t\000a\000t\000u\000s}{subsection.4.5.2}% 72
\BOOKMARK [1][-]{section.4.6}{\376\377\000e\000n\000t\000r\000a\000n\000t\000.\000h\000\040\000F\000i\000l\000e\000\040\000R\000e\000f\000e\000r\000e\000n\000c\000e}{chapter.4}% 73
\BOOKMARK [2][-]{subsection.4.6.1}{\376\377\000D\000e\000t\000a\000i\000l\000e\000d\000\040\000D\000e\000s\000c\000r\000i\000p\000t\000i\000o\000n}{section.4.6}% 74
\BOOKMARK [2][-]{subsection.4.6.2}{\376\377\000T\000y\000p\000e\000d\000e\000f\000\040\000D\000o\000c\000u\000m\000e\000n\000t\000a\000t\000i\000o\000n}{section.4.6}% 75
\BOOKMARK [3][-]{subsubsection.4.6.2.1}{\376\377\000E\000N\000T\000R\000A\000N\000T\000\137\000L\000I\000S\000T}{subsection.4.6.2}% 76
\BOOKMARK [2][-]{subsection.4.6.3}{\376\377\000F\000u\000n\000c\000t\000i\000o\000n\000\040\000D\000o\000c\000u\000m\000e\000n\000t\000a\000t\000i\000o\000n}{section.4.6}% 77
\BOOKMARK [3][-]{subsubsection.4.6.3.1}{\376\377\000e\000n\000t\000r\000a\000n\000t\000\137\000i\000d\000\137\000s\000e\000a\000r\000c\000h}{subsection.4.6.3}% 78
\BOOKMARK [3][-]{subsubsection.4.6.3.2}{\376\377\000e\000n\000t\000r\000a\000n\000t\000\137\000n\000a\000m\000e\000\137\000s\000e\000a\000r\000c\000h}{subsection.4.6.3}% 79
\BOOKMARK [3][-]{subsubsection.4.6.3.3}{\376\377\000p\000r\000i\000n\000t\000\137\000e\000n\000t\000r\000a\000n\000t}{subsection.4.6.3}% 80
\BOOKMARK [3][-]{subsubsection.4.6.3.4}{\376\377\000r\000e\000a\000d\000\137\000e\000n\000t\000r\000a\000n\000t\000s}{subsection.4.6.3}% 81
\BOOKMARK [1][-]{section.4.7}{\376\377\000e\000v\000e\000n\000t\000.\000c\000\040\000F\000i\000l\000e\000\040\000R\000e\000f\000e\000r\000e\000n\000c\000e}{chapter.4}% 82
\BOOKMARK [2][-]{subsection.4.7.1}{\376\377\000D\000e\000t\000a\000i\000l\000e\000d\000\040\000D\000e\000s\000c\000r\000i\000p\000t\000i\000o\000n}{section.4.7}% 83
\BOOKMARK [2][-]{subsection.4.7.2}{\376\377\000F\000u\000n\000c\000t\000i\000o\000n\000\040\000D\000o\000c\000u\000m\000e\000n\000t\000a\000t\000i\000o\000n}{section.4.7}% 84
\BOOKMARK [3][-]{subsubsection.4.7.2.1}{\376\377\000r\000e\000a\000d\000\137\000e\000v\000e\000n\000t}{subsection.4.7.2}% 85
\BOOKMARK [1][-]{section.4.8}{\376\377\000e\000v\000e\000n\000t\000.\000h\000\040\000F\000i\000l\000e\000\040\000R\000e\000f\000e\000r\000e\000n\000c\000e}{chapter.4}% 86
\BOOKMARK [2][-]{subsection.4.8.1}{\376\377\000D\000e\000t\000a\000i\000l\000e\000d\000\040\000D\000e\000s\000c\000r\000i\000p\000t\000i\000o\000n}{section.4.8}% 87
\BOOKMARK [2][-]{subsection.4.8.2}{\376\377\000T\000y\000p\000e\000d\000e\000f\000\040\000D\000o\000c\000u\000m\000e\000n\000t\000a\000t\000i\000o\000n}{section.4.8}% 88
\BOOKMARK [3][-]{subsubsection.4.8.2.1}{\376\377\000E\000V\000E\000N\000T}{subsection.4.8.2}% 89
\BOOKMARK [2][-]{subsection.4.8.3}{\376\377\000F\000u\000n\000c\000t\000i\000o\000n\000\040\000D\000o\000c\000u\000m\000e\000n\000t\000a\000t\000i\000o\000n}{section.4.8}% 90
\BOOKMARK [3][-]{subsubsection.4.8.3.1}{\376\377\000r\000e\000a\000d\000\137\000e\000v\000e\000n\000t}{subsection.4.8.3}% 91
\BOOKMARK [1][-]{section.4.9}{\376\377\000f\000u\000n\000c\000t\000i\000o\000n\000s\000.\000c\000\040\000F\000i\000l\000e\000\040\000R\000e\000f\000e\000r\000e\000n\000c\000e}{chapter.4}% 92
\BOOKMARK [2][-]{subsection.4.9.1}{\376\377\000D\000e\000t\000a\000i\000l\000e\000d\000\040\000D\000e\000s\000c\000r\000i\000p\000t\000i\000o\000n}{section.4.9}% 93
\BOOKMARK [2][-]{subsection.4.9.2}{\376\377\000F\000u\000n\000c\000t\000i\000o\000n\000\040\000D\000o\000c\000u\000m\000e\000n\000t\000a\000t\000i\000o\000n}{section.4.9}% 94
\BOOKMARK [3][-]{subsubsection.4.9.2.1}{\376\377\000a\000d\000d\000\137\000c\000p}{subsection.4.9.2}% 95
\BOOKMARK [3][-]{subsubsection.4.9.2.2}{\376\377\000c\000a\000l\000c\000\137\000t\000i\000m\000e}{subsection.4.9.2}% 96
\BOOKMARK [3][-]{subsubsection.4.9.2.3}{\376\377\000e\000n\000t\000r\000a\000n\000t\000\137\000f\000i\000n\000i\000s\000h\000e\000d}{subsection.4.9.2}% 97
\BOOKMARK [3][-]{subsubsection.4.9.2.4}{\376\377\000f\000i\000n\000i\000s\000h\000e\000d}{subsection.4.9.2}% 98
\BOOKMARK [3][-]{subsubsection.4.9.2.5}{\376\377\000f\000o\000r\000m\000a\000t\000\137\000t\000i\000m\000e}{subsection.4.9.2}% 99
\BOOKMARK [3][-]{subsubsection.4.9.2.6}{\376\377\000n\000o\000t\000\137\000s\000t\000a\000r\000t\000e\000d}{subsection.4.9.2}% 100
\BOOKMARK [3][-]{subsubsection.4.9.2.7}{\376\377\000o\000u\000t\000\137\000t\000r\000a\000c\000k}{subsection.4.9.2}% 101
\BOOKMARK [3][-]{subsubsection.4.9.2.8}{\376\377\000p\000r\000i\000n\000t\000\137\000a\000l\000l}{subsection.4.9.2}% 102
\BOOKMARK [3][-]{subsubsection.4.9.2.9}{\376\377\000p\000r\000i\000n\000t\000\137\000e\000n\000t\000r\000a\000n\000t}{subsection.4.9.2}% 103
\BOOKMARK [1][-]{section.4.10}{\376\377\000f\000u\000n\000c\000t\000i\000o\000n\000s\000.\000h\000\040\000F\000i\000l\000e\000\040\000R\000e\000f\000e\000r\000e\000n\000c\000e}{chapter.4}% 104
\BOOKMARK [2][-]{subsection.4.10.1}{\376\377\000D\000e\000t\000a\000i\000l\000e\000d\000\040\000D\000e\000s\000c\000r\000i\000p\000t\000i\000o\000n}{section.4.10}% 105
\BOOKMARK [2][-]{subsection.4.10.2}{\376\377\000F\000u\000n\000c\000t\000i\000o\000n\000\040\000D\000o\000c\000u\000m\000e\000n\000t\000a\000t\000i\000o\000n}{section.4.10}% 106
\BOOKMARK [3][-]{subsubsection.4.10.2.1}{\376\377\000a\000d\000d\000\137\000c\000p}{subsection.4.10.2}% 107
\BOOKMARK [3][-]{subsubsection.4.10.2.2}{\376\377\000c\000a\000l\000c\000\137\000t\000i\000m\000e}{subsection.4.10.2}% 108
\BOOKMARK [3][-]{subsubsection.4.10.2.3}{\376\377\000e\000n\000t\000r\000a\000n\000t\000\137\000f\000i\000n\000i\000s\000h\000e\000d}{subsection.4.10.2}% 109
\BOOKMARK [3][-]{subsubsection.4.10.2.4}{\376\377\000f\000i\000n\000i\000s\000h\000e\000d}{subsection.4.10.2}% 110
\BOOKMARK [3][-]{subsubsection.4.10.2.5}{\376\377\000f\000o\000r\000m\000a\000t\000\137\000t\000i\000m\000e}{subsection.4.10.2}% 111
\BOOKMARK [3][-]{subsubsection.4.10.2.6}{\376\377\000n\000o\000t\000\137\000s\000t\000a\000r\000t\000e\000d}{subsection.4.10.2}% 112
\BOOKMARK [3][-]{subsubsection.4.10.2.7}{\376\377\000o\000u\000t\000\137\000t\000r\000a\000c\000k}{subsection.4.10.2}% 113
\BOOKMARK [3][-]{subsubsection.4.10.2.8}{\376\377\000p\000r\000i\000n\000t\000\137\000a\000l\000l}{subsection.4.10.2}% 114
\BOOKMARK [3][-]{subsubsection.4.10.2.9}{\376\377\000r\000e\000a\000d\000\137\000e\000v\000e\000n\000t\000\137\000d\000a\000t\000a}{subsection.4.10.2}% 115
\BOOKMARK [3][-]{subsubsection.4.10.2.10}{\376\377\000r\000e\000a\000d\000\137\000t\000r\000a\000c\000k\000s}{subsection.4.10.2}% 116
\BOOKMARK [3][-]{subsubsection.4.10.2.11}{\376\377\000u\000p\000d\000a\000t\000e\000\137\000s\000t\000a\000t\000u\000s}{subsection.4.10.2}% 117
\BOOKMARK [1][-]{section.4.11}{\376\377\000i\000n\000p\000u\000t\000.\000c\000\040\000F\000i\000l\000e\000\040\000R\000e\000f\000e\000r\000e\000n\000c\000e}{chapter.4}% 118
\BOOKMARK [2][-]{subsection.4.11.1}{\376\377\000D\000e\000t\000a\000i\000l\000e\000d\000\040\000D\000e\000s\000c\000r\000i\000p\000t\000i\000o\000n}{section.4.11}% 119
\BOOKMARK [2][-]{subsection.4.11.2}{\376\377\000F\000u\000n\000c\000t\000i\000o\000n\000\040\000D\000o\000c\000u\000m\000e\000n\000t\000a\000t\000i\000o\000n}{section.4.11}% 120
\BOOKMARK [3][-]{subsubsection.4.11.2.1}{\376\377\000a\000s\000k\000\137\000i\000n\000t}{subsection.4.11.2}% 121
\BOOKMARK [3][-]{subsubsection.4.11.2.2}{\376\377\000a\000s\000k\000\137\000s\000t\000r}{subsection.4.11.2}% 122
\BOOKMARK [3][-]{subsubsection.4.11.2.3}{\376\377\000g\000e\000t\000\137\000c\000o\000u\000r\000s\000e\000s}{subsection.4.11.2}% 123
\BOOKMARK [3][-]{subsubsection.4.11.2.4}{\376\377\000g\000e\000t\000\137\000c\000p\000\137\000d\000a\000t\000a}{subsection.4.11.2}% 124
\BOOKMARK [3][-]{subsubsection.4.11.2.5}{\376\377\000g\000e\000t\000\137\000e\000n\000t\000r\000a\000n\000t\000s}{subsection.4.11.2}% 125
\BOOKMARK [3][-]{subsubsection.4.11.2.6}{\376\377\000g\000e\000t\000\137\000e\000v\000e\000n\000t}{subsection.4.11.2}% 126
\BOOKMARK [3][-]{subsubsection.4.11.2.7}{\376\377\000g\000e\000t\000\137\000n\000o\000d\000e\000s}{subsection.4.11.2}% 127
\BOOKMARK [3][-]{subsubsection.4.11.2.8}{\376\377\000g\000e\000t\000\137\000t\000r\000a\000c\000k\000s}{subsection.4.11.2}% 128
\BOOKMARK [3][-]{subsubsection.4.11.2.9}{\376\377\000l\000o\000a\000d\000\137\000c\000p\000\137\000d\000a\000t\000a}{subsection.4.11.2}% 129
\BOOKMARK [3][-]{subsubsection.4.11.2.10}{\376\377\000q\000u\000e\000r\000y\000\137\000e\000n\000t\000r\000a\000n\000t}{subsection.4.11.2}% 130
\BOOKMARK [3][-]{subsubsection.4.11.2.11}{\376\377\000s\000h\000o\000w\000\137\000m\000e\000n\000u}{subsection.4.11.2}% 131
\BOOKMARK [1][-]{section.4.12}{\376\377\000i\000n\000p\000u\000t\000.\000h\000\040\000F\000i\000l\000e\000\040\000R\000e\000f\000e\000r\000e\000n\000c\000e}{chapter.4}% 132
\BOOKMARK [2][-]{subsection.4.12.1}{\376\377\000D\000e\000t\000a\000i\000l\000e\000d\000\040\000D\000e\000s\000c\000r\000i\000p\000t\000i\000o\000n}{section.4.12}% 133
\BOOKMARK [2][-]{subsection.4.12.2}{\376\377\000F\000u\000n\000c\000t\000i\000o\000n\000\040\000D\000o\000c\000u\000m\000e\000n\000t\000a\000t\000i\000o\000n}{section.4.12}% 134
\BOOKMARK [3][-]{subsubsection.4.12.2.1}{\376\377\000a\000s\000k\000\137\000i\000n\000t}{subsection.4.12.2}% 135
\BOOKMARK [3][-]{subsubsection.4.12.2.2}{\376\377\000a\000s\000k\000\137\000s\000t\000r}{subsection.4.12.2}% 136
\BOOKMARK [3][-]{subsubsection.4.12.2.3}{\376\377\000g\000e\000t\000\137\000c\000o\000u\000r\000s\000e\000s}{subsection.4.12.2}% 137
\BOOKMARK [3][-]{subsubsection.4.12.2.4}{\376\377\000g\000e\000t\000\137\000c\000p\000\137\000d\000a\000t\000a}{subsection.4.12.2}% 138
\BOOKMARK [3][-]{subsubsection.4.12.2.5}{\376\377\000g\000e\000t\000\137\000e\000n\000t\000r\000a\000n\000t\000s}{subsection.4.12.2}% 139
\BOOKMARK [3][-]{subsubsection.4.12.2.6}{\376\377\000g\000e\000t\000\137\000e\000v\000e\000n\000t}{subsection.4.12.2}% 140
\BOOKMARK [3][-]{subsubsection.4.12.2.7}{\376\377\000g\000e\000t\000\137\000n\000o\000d\000e\000s}{subsection.4.12.2}% 141
\BOOKMARK [3][-]{subsubsection.4.12.2.8}{\376\377\000g\000e\000t\000\137\000t\000r\000a\000c\000k\000s}{subsection.4.12.2}% 142
\BOOKMARK [3][-]{subsubsection.4.12.2.9}{\376\377\000l\000o\000a\000d\000\137\000c\000p\000\137\000d\000a\000t\000a}{subsection.4.12.2}% 143
\BOOKMARK [3][-]{subsubsection.4.12.2.10}{\376\377\000q\000u\000e\000r\000y\000\137\000e\000n\000t\000r\000a\000n\000t}{subsection.4.12.2}% 144
\BOOKMARK [3][-]{subsubsection.4.12.2.11}{\376\377\000s\000h\000o\000w\000\137\000m\000e\000n\000u}{subsection.4.12.2}% 145
\BOOKMARK [1][-]{section.4.13}{\376\377\000n\000o\000d\000e\000.\000c\000\040\000F\000i\000l\000e\000\040\000R\000e\000f\000e\000r\000e\000n\000c\000e}{chapter.4}% 146
\BOOKMARK [2][-]{subsection.4.13.1}{\376\377\000D\000e\000t\000a\000i\000l\000e\000d\000\040\000D\000e\000s\000c\000r\000i\000p\000t\000i\000o\000n}{section.4.13}% 147
\BOOKMARK [2][-]{subsection.4.13.2}{\376\377\000F\000u\000n\000c\000t\000i\000o\000n\000\040\000D\000o\000c\000u\000m\000e\000n\000t\000a\000t\000i\000o\000n}{section.4.13}% 148
\BOOKMARK [3][-]{subsubsection.4.13.2.1}{\376\377\000n\000o\000d\000e\000\137\000i\000d\000\137\000s\000e\000a\000r\000c\000h}{subsection.4.13.2}% 149
\BOOKMARK [3][-]{subsubsection.4.13.2.2}{\376\377\000r\000e\000a\000d\000\137\000n\000o\000d\000e\000s}{subsection.4.13.2}% 150
\BOOKMARK [1][-]{section.4.14}{\376\377\000n\000o\000d\000e\000.\000h\000\040\000F\000i\000l\000e\000\040\000R\000e\000f\000e\000r\000e\000n\000c\000e}{chapter.4}% 151
\BOOKMARK [2][-]{subsection.4.14.1}{\376\377\000D\000e\000t\000a\000i\000l\000e\000d\000\040\000D\000e\000s\000c\000r\000i\000p\000t\000i\000o\000n}{section.4.14}% 152
\BOOKMARK [2][-]{subsection.4.14.2}{\376\377\000T\000y\000p\000e\000d\000e\000f\000\040\000D\000o\000c\000u\000m\000e\000n\000t\000a\000t\000i\000o\000n}{section.4.14}% 153
\BOOKMARK [3][-]{subsubsection.4.14.2.1}{\376\377\000N\000O\000D\000E}{subsection.4.14.2}% 154
\BOOKMARK [3][-]{subsubsection.4.14.2.2}{\376\377\000N\000O\000D\000E\000\137\000L\000I\000S\000T}{subsection.4.14.2}% 155
\BOOKMARK [2][-]{subsection.4.14.3}{\376\377\000F\000u\000n\000c\000t\000i\000o\000n\000\040\000D\000o\000c\000u\000m\000e\000n\000t\000a\000t\000i\000o\000n}{section.4.14}% 156
\BOOKMARK [3][-]{subsubsection.4.14.3.1}{\376\377\000n\000o\000d\000e\000\137\000i\000d\000\137\000s\000e\000a\000r\000c\000h}{subsection.4.14.3}% 157
\BOOKMARK [3][-]{subsubsection.4.14.3.2}{\376\377\000r\000e\000a\000d\000\137\000n\000o\000d\000e\000s}{subsection.4.14.3}% 158
\BOOKMARK [1][-]{section.4.15}{\376\377\000t\000e\000s\000t\000s\000.\000h\000\040\000F\000i\000l\000e\000\040\000R\000e\000f\000e\000r\000e\000n\000c\000e}{chapter.4}% 159
\BOOKMARK [2][-]{subsection.4.15.1}{\376\377\000D\000e\000t\000a\000i\000l\000e\000d\000\040\000D\000e\000s\000c\000r\000i\000p\000t\000i\000o\000n}{section.4.15}% 160
\BOOKMARK [2][-]{subsection.4.15.2}{\376\377\000F\000u\000n\000c\000t\000i\000o\000n\000\040\000D\000o\000c\000u\000m\000e\000n\000t\000a\000t\000i\000o\000n}{section.4.15}% 161
\BOOKMARK [3][-]{subsubsection.4.15.2.1}{\376\377\000c\000o\000u\000r\000s\000e\000\137\000r\000e\000a\000d}{subsection.4.15.2}% 162
\BOOKMARK [1][-]{section.4.16}{\376\377\000t\000i\000m\000e\000\137\000s\000t\000r\000u\000c\000t\000.\000h\000\040\000F\000i\000l\000e\000\040\000R\000e\000f\000e\000r\000e\000n\000c\000e}{chapter.4}% 163
\BOOKMARK [2][-]{subsection.4.16.1}{\376\377\000D\000e\000t\000a\000i\000l\000e\000d\000\040\000D\000e\000s\000c\000r\000i\000p\000t\000i\000o\000n}{section.4.16}% 164
\BOOKMARK [1][-]{section.4.17}{\376\377\000t\000r\000a\000c\000k\000.\000c\000\040\000F\000i\000l\000e\000\040\000R\000e\000f\000e\000r\000e\000n\000c\000e}{chapter.4}% 165
\BOOKMARK [2][-]{subsection.4.17.1}{\376\377\000D\000e\000t\000a\000i\000l\000e\000d\000\040\000D\000e\000s\000c\000r\000i\000p\000t\000i\000o\000n}{section.4.17}% 166
\BOOKMARK [2][-]{subsection.4.17.2}{\376\377\000F\000u\000n\000c\000t\000i\000o\000n\000\040\000D\000o\000c\000u\000m\000e\000n\000t\000a\000t\000i\000o\000n}{section.4.17}% 167
\BOOKMARK [3][-]{subsubsection.4.17.2.1}{\376\377\000r\000e\000a\000d\000\137\000t\000r\000a\000c\000k\000s}{subsection.4.17.2}% 168
\BOOKMARK [3][-]{subsubsection.4.17.2.2}{\376\377\000v\000a\000l\000i\000d\000a\000t\000e\000\137\000t\000r\000a\000c\000k}{subsection.4.17.2}% 169
\BOOKMARK [1][-]{section.4.18}{\376\377\000t\000r\000a\000c\000k\000.\000h\000\040\000F\000i\000l\000e\000\040\000R\000e\000f\000e\000r\000e\000n\000c\000e}{chapter.4}% 170
\BOOKMARK [2][-]{subsection.4.18.1}{\376\377\000D\000e\000t\000a\000i\000l\000e\000d\000\040\000D\000e\000s\000c\000r\000i\000p\000t\000i\000o\000n}{section.4.18}% 171
\BOOKMARK [2][-]{subsection.4.18.2}{\376\377\000T\000y\000p\000e\000d\000e\000f\000\040\000D\000o\000c\000u\000m\000e\000n\000t\000a\000t\000i\000o\000n}{section.4.18}% 172
\BOOKMARK [3][-]{subsubsection.4.18.2.1}{\376\377\000T\000R\000A\000C\000K}{subsection.4.18.2}% 173
\BOOKMARK [3][-]{subsubsection.4.18.2.2}{\376\377\000T\000R\000A\000C\000K\000\137\000L\000I\000S\000T}{subsection.4.18.2}% 174
\BOOKMARK [2][-]{subsection.4.18.3}{\376\377\000F\000u\000n\000c\000t\000i\000o\000n\000\040\000D\000o\000c\000u\000m\000e\000n\000t\000a\000t\000i\000o\000n}{section.4.18}% 175
\BOOKMARK [3][-]{subsubsection.4.18.3.1}{\376\377\000v\000a\000l\000i\000d\000a\000t\000e\000\137\000t\000r\000a\000c\000k}{subsection.4.18.3}% 176
